<?xml version="1.0" encoding="UTF-8"?>
<!-- Generated by org.testng.reporters.JUnitXMLReporter -->
<testsuite ignored="0" hostname="ROMZEEY" failures="0" tests="3" name="Default test" time="8.389" errors="0" timestamp="2022-02-19T11:08:59 WAT">
  <testcase classname="Get_UserId$Get_random_user" name="random_user" time="4.634"/>
  <testcase classname="Get_UserId$Get_user_post" name="user_post" time="0.878"/>
  <testcase classname="Get_UserId" name="userId" time="2.815"/>
</testsuite> <!-- Default test -->
